1 59
1 60
1 61
1 62
1 63
1 64
1 65
1 66
1 74
1 75
1 76
1 79
1 81
1 83
1 87
1 89
1 90
1 91
1 126
1 129
1 130
1 155
1 157
2 9
2 10
2 11
2 12
2 41
2 45
2 46
2 47
2 48
2 49
2 64
2 66
2 69
2 79
2 81
2 83
2 87
2 89
2 91
2 126
2 128
2 130
2 155
2 158
2 164
2 165
2 166
2 179
2 180
2 181
2 182
2 191
2 192
2 193
2 194
2 195
3 12
3 43
3 47
3 49
3 53
3 54
3 55
3 56
3 59
3 60
3 62
3 63
3 64
3 65
3 66
3 69
3 70
3 71
3 74
3 75
3 79
3 81
3 83
3 87
3 89
3 91
3 126
3 128
3 130
3 155
3 157
3 158
3 167
3 180
3 182
3 193
3 195
4 9
4 10
4 11
4 12
4 41
4 49
4 53
4 59
4 61
4 64
4 66
4 69
4 71
4 74
4 76
4 79
4 81
4 82
4 83
4 87
4 88
4 89
4 91
4 126
4 127
4 128
4 129
4 130
4 155
4 158
4 164
4 165
4 166
4 167
4 178
4 182
4 191
4 193
4 195
5 12
5 17
5 18
5 19
5 20
5 21
5 22
5 23
5 29
5 30
5 31
5 32
5 33
5 41
5 42
5 45
5 48
5 49
5 53
5 54
5 55
5 56
5 59
5 61
5 64
5 66
5 69
5 76
5 98
5 99
5 100
5 101
5 155
5 156
5 157
5 158
5 164
5 178
5 180
5 181
5 182
5 192
5 193
5 195
6 9
6 10
6 11
6 19
6 21
6 23
6 29
6 31
6 33
6 41
6 44
6 45
6 49
6 53
6 56
6 59
6 62
6 63
6 65
6 66
6 69
6 70
6 71
6 72
6 73
6 75
6 102
6 113
6 114
6 115
6 117
6 148
6 149
6 150
6 151
6 164
6 165
6 166
6 167
6 172
6 173
6 175
7 17
7 23
7 29
7 31
7 33
7 41
7 42
7 45
7 48
7 49
7 53
7 55
7 56
7 59
7 64
7 66
7 69
7 75
7 86
7 87
7 88
7 89
7 90
7 98
7 100
7 102
7 117
7 147
7 151
7 171
7 175
8 17
8 19
8 21
8 23
8 31
8 32
8 49
8 60
8 62
8 63
8 64
8 65
8 69
8 70
8 71
8 86
8 88
8 90
8 98
8 99
8 102
8 113
8 116
8 117
8 126
8 127
8 149
8 151
8 155
8 156
8 157
8 158
8 159
8 160
8 161
8 171
8 174
8 175
8 188
8 189
8 191
9 11
9 17
9 19
9 20
9 21
9 22
9 23
9 45
9 47
9 86
9 88
9 113
9 117
9 120
9 121
9 127
9 135
9 137
9 138
9 139
9 140
9 141
9 147
9 148
9 150
9 151
9 155
9 157
9 160
9 171
9 175
9 192
10 6
10 7
10 11
10 13
10 41
10 42
10 44
10 47
10 48
10 49
10 86
10 88
10 89
10 90
10 113
10 114
10 116
10 117
10 120
10 121
10 122
10 123
10 124
10 125
10 126
10 127
10 135
10 140
10 141
10 155
10 156
10 157
10 158
10 159
10 160
10 171
10 172
10 174
10 188
10 191
10 192
11 6
11 7
11 9
11 10
11 11
11 12
11 13
11 61
11 63
11 65
11 66
11 113
11 117
11 120
11 122
11 125
11 127
11 135
11 136
11 137
11 138
11 139
11 140
11 155
11 157
11 160
11 162
11 171
11 175
11 188
11 192
12 6
12 8
12 13
12 23
12 24
12 25
12 26
12 27
12 28
12 66
12 77
12 79
12 80
12 96
12 97
12 99
12 100
12 101
12 113
12 114
12 115
12 116
12 117
12 122
12 125
12 137
12 140
12 155
12 157
12 160
12 162
12 171
12 172
12 173
12 188
12 189
12 192
13 6
13 8
13 11
13 13
13 23
13 28
13 61
13 66
13 77
13 80
13 95
13 100
13 106
13 107
13 109
13 110
13 120
13 121
13 122
13 123
13 124
13 126
13 127
13 137
13 140
13 155
13 156
13 158
13 159
13 160
13 161
13 188
13 192
14 6
14 7
14 10
14 12
14 23
14 28
14 49
14 51
14 52
14 53
14 54
14 61
14 64
14 65
14 66
14 77
14 78
14 80
14 95
14 96
14 98
14 100
14 106
14 110
14 120
14 122
14 126
14 137
14 139
14 140
14 141
14 142
14 155
14 157
14 160
14 188
14 189
14 190
14 192
15 8
15 12
15 13
15 23
15 24
15 25
15 28
15 39
15 40
15 42
15 49
15 53
15 55
15 61
15 62
15 63
15 64
15 66
15 77
15 97
15 100
15 106
15 107
15 109
15 110
15 120
15 121
15 122
15 137
15 140
15 142
15 156
15 157
15 158
15 160
15 161
15 162
16 7
16 8
16 22
16 23
16 26
16 28
16 39
16 49
16 55
16 65
16 66
16 67
16 68
16 69
16 70
16 77
16 78
16 79
16 80
16 97
16 100
16 136
16 137
16 138
16 139
16 140
16 141
16 150
16 151
16 152
16 176
16 178
16 179
17 20
17 21
17 22
17 23
17 24
17 32
17 33
17 34
17 35
17 36
17 39
17 41
17 42
17 49
17 55
17 66
17 67
17 70
17 84
17 86
17 99
17 101
17 102
17 106
17 107
17 110
17 145
17 146
17 150
17 152
17 176
17 179
18 19
18 22
18 23
18 24
18 34
18 36
18 39
18 49
18 50
18 51
18 52
18 53
18 54
18 55
18 70
18 87
18 100
18 102
18 106
18 110
18 135
18 136
18 138
18 145
18 146
18 148
18 149
18 151
18 152
18 158
18 159
18 160
18 161
18 169
18 170
18 171
18 172
18 173
18 176
18 177
18 178
18 179
18 187
18 188
18 190
18 191
18 192
18 193
19 19
19 24
19 32
19 34
19 39
19 41
19 42
19 65
19 70
19 84
19 85
19 87
19 96
19 97
19 98
19 99
19 100
19 101
19 102
19 106
19 107
19 108
19 109
19 134
19 138
19 145
19 147
19 150
19 152
19 158
19 160
19 162
19 169
19 171
19 173
19 176
19 179
19 189
19 191
19 193
20 24
20 34
20 35
20 36
20 51
20 52
20 54
20 56
20 66
20 67
20 68
20 70
20 84
20 87
20 134
20 135
20 137
20 138
20 145
20 147
20 150
20 152
20 158
20 160
20 169
20 171
20 173
20 176
20 177
20 178
20 187
20 193
21 2
21 3
21 4
21 20
21 23
21 24
21 51
21 53
21 55
21 57
21 84
21 85
21 86
21 134
21 146
21 148
21 150
21 151
21 152
21 158
21 159
21 160
21 161
21 162
21 170
21 171
21 173
21 187
21 189
21 191
21 193
22 1
22 6
22 51
22 57
22 91
22 93
22 94
22 134
22 135
22 137
22 138
22 145
22 147
22 151
22 152
22 187
22 188
22 189
22 191
22 192
22 193
23 1
23 6
23 51
23 53
23 55
23 91
23 93
23 95
23 122
23 123
23 124
23 125
23 126
23 127
23 128
23 129
23 130
23 134
23 146
24 1
24 6
24 13
24 14
24 15
24 16
24 21
24 23
24 51
24 52
24 53
24 54
24 55
24 56
24 57
24 91
24 93
24 95
24 99
24 100
24 102
24 103
24 104
24 113
24 114
24 115
24 117
24 118
24 119
24 126
24 128
24 130
24 134
24 135
24 136
25 1
25 2
25 3
25 5
25 6
25 7
25 13
25 15
25 24
25 91
25 93
25 95
25 99
25 103
25 105
25 117
25 119
25 122
25 130
25 182
25 183
26 4
26 5
26 6
26 7
26 8
26 9
26 10
26 13
26 15
26 17
26 21
26 22
26 23
26 28
26 29
26 30
26 31
26 32
26 34
26 99
26 105
26 113
26 119
26 122
26 123
26 129
26 167
26 168
26 170
26 171
26 172
26 173
26 174
26 177
27 5
27 6
27 7
27 10
27 13
27 14
27 15
27 16
27 17
27 21
27 24
27 28
27 30
27 34
27 38
27 40
27 41
27 49
27 50
27 51
27 52
27 53
27 74
27 76
27 77
27 78
27 79
27 80
27 81
27 84
27 85
27 86
27 87
27 88
27 101
27 103
27 105
27 113
27 115
27 117
27 119
27 125
27 126
27 127
27 130
27 167
27 169
27 172
27 174
27 177
27 178
27 179
27 181
27 182
27 183
27 184
28 10
28 21
28 22
28 24
28 28
28 29
28 30
28 31
28 38
28 49
28 51
28 74
28 76
28 79
28 81
28 84
28 86
28 99
28 100
28 101
28 102
28 103
28 114
28 116
28 119
28 122
28 126
28 130
28 149
28 150
28 151
28 152
28 153
28 167
28 168
28 169
28 170
28 171
28 172
28 173
28 174
28 177
28 179
28 184
29 5
29 30
29 33
29 38
29 39
29 40
29 41
29 51
29 53
29 74
29 75
29 77
29 78
29 79
29 80
29 81
29 84
29 86
29 88
29 122
29 130
29 142
29 143
29 144
29 145
29 149
29 151
29 153
29 158
29 160
29 161
29 167
29 169
29 172
29 174
29 179
29 182
29 192
29 193
30 5
30 6
30 7
30 8
30 9
30 10
30 33
30 38
30 41
30 49
30 50
30 51
30 52
30 53
30 74
30 79
30 81
30 84
30 85
30 87
30 94
30 95
30 96
30 97
30 98
30 128
30 130
30 142
30 145
30 149
30 151
30 153
30 158
30 161
30 167
30 169
30 172
30 174
30 178
30 179
30 180
30 181
30 182
30 183
30 192
30 194
30 196
31 32
31 33
31 35
31 38
31 39
31 40
31 41
31 62
31 63
31 64
31 65
31 66
31 74
31 76
31 79
31 81
31 94
31 98
31 104
31 105
31 106
31 107
31 108
31 109
31 110
31 111
31 112
31 122
31 123
31 124
31 126
31 128
31 129
31 130
31 142
31 143
31 144
31 149
31 150
31 151
31 152
31 153
31 158
31 159
31 160
31 161
31 167
31 168
31 170
31 172
31 173
31 174
31 179
31 183
31 192
31 194
32 20
32 21
32 22
32 23
32 29
32 30
32 35
32 51
32 52
32 53
32 54
32 55
32 56
32 57
32 67
32 74
32 75
32 76
32 77
32 79
32 80
32 81
32 85
32 87
32 88
32 94
32 96
32 98
32 104
32 106
32 108
32 110
32 112
32 145
32 158
32 161
32 167
32 169
32 172
32 174
32 177
32 178
32 179
32 192
32 193
32 194
32 195
32 196
33 20
33 23
33 29
33 30
33 31
33 34
33 51
33 53
33 55
33 57
33 67
33 74
33 76
33 81
33 85
33 87
33 89
33 95
33 96
33 97
33 98
33 104
33 112
33 142
33 143
33 144
33 145
33 158
33 159
33 160
33 161
33 167
33 168
33 170
33 171
33 172
33 173
34 21
34 22
34 23
34 51
34 67
34 74
34 75
34 76
34 77
34 81
34 85
34 87
34 89
34 105
34 108
34 111
34 112
35 20
35 23
35 51
35 53
35 55
35 57
35 62
35 63
35 64
35 65
35 66
35 67
35 68
35 85
35 86
35 87
35 88
35 89
35 104
35 107
35 109
35 112
35 125
35 126
35 127
35 128
35 178
35 179
35 180
35 182
35 183
35 188
35 189
35 190
35 192
36 11
36 12
36 13
36 20
36 21
36 22
36 23
36 38
36 39
36 40
36 41
36 42
36 44
36 45
36 46
36 51
36 52
36 53
36 54
36 55
36 56
36 57
36 65
36 66
36 68
36 69
36 70
36 71
36 78
36 79
36 80
36 104
36 105
36 108
36 112
36 125
36 128
36 142
36 143
36 145
36 146
36 147
36 158
36 159
36 160
36 162
36 180
36 188
37 11
37 38
37 40
37 42
37 44
37 46
37 66
37 67
37 68
37 71
37 76
37 78
37 104
37 118
37 119
37 120
37 125
37 126
37 128
37 142
37 147
37 151
37 152
37 153
37 154
37 158
37 162
37 178
37 184
37 191
38 11
38 12
38 13
38 14
38 38
38 46
38 71
38 78
38 104
38 106
38 108
38 112
38 117
38 121
38 125
38 128
38 131
38 132
38 133
38 134
38 142
38 147
38 155
38 158
38 159
38 161
38 162
38 168
38 169
38 171
38 172
38 180
38 182
38 184
38 192
39 1
39 2
39 3
39 4
39 14
39 38
39 39
39 42
39 45
39 46
39 71
39 76
39 77
39 79
39 80
39 104
39 105
39 106
39 107
39 108
39 110
39 112
39 117
39 118
39 120
39 121
39 125
39 126
39 127
39 128
39 131
39 134
39 142
39 143
39 151
39 152
39 155
39 158
39 162
39 168
39 170
39 172
39 178
39 179
39 180
39 182
39 183
39 188
39 189
39 191
39 192
40 1
40 4
40 11
40 13
40 14
40 23
40 24
40 25
40 26
40 27
40 28
40 29
40 38
40 41
40 42
40 43
40 46
40 49
40 50
40 51
40 52
40 54
40 55
40 66
40 67
40 69
40 70
40 71
40 91
40 92
40 94
40 117
40 121
40 131
40 133
40 141
40 142
40 143
40 145
40 146
40 147
40 151
40 159
40 162
40 168
40 172
40 188
40 192
41 2
41 3
41 4
41 23
41 25
41 28
41 29
41 39
41 42
41 45
41 46
41 51
41 53
41 55
41 90
41 92
41 94
41 117
41 118
41 120
41 121
41 131
41 138
41 139
41 140
41 141
41 142
41 143
41 144
41 151
41 152
41 158
41 162
41 168
41 170
41 171
41 172
41 188
41 190
41 191
41 192
42 4
42 14
42 15
42 16
42 23
42 24
42 25
42 26
42 27
42 28
42 38
42 46
42 49
42 55
42 90
42 94
42 117
42 121
42 131
42 133
42 134
42 138
42 142
42 143
42 155
42 158
42 159
42 161
42 162
43 1
43 3
43 4
43 13
43 17
43 25
43 28
43 38
43 42
43 44
43 46
43 49
43 51
43 53
43 90
43 91
43 92
43 94
43 118
43 119
43 120
43 121
43 143
43 151
43 152
43 154
43 155
44 13
44 14
44 16
44 17
44 25
44 28
44 38
44 39
44 41
44 42
44 43
44 44
44 45
44 46
44 49
44 50
44 51
44 52
44 53
44 54
44 68
44 70
44 81
44 82
44 138
44 143
45 13
45 25
45 26
45 27
45 28
45 29
45 63
45 64
45 68
45 70
45 76
45 77
45 81
45 83
45 124
45 126
45 127
45 128
45 129
45 130
45 138
45 139
45 140
45 141
45 142
45 143
46 6
46 7
46 8
46 9
46 10
46 13
46 16
46 24
46 25
46 28
46 41
46 43
46 44
46 65
46 67
46 68
46 69
46 70
46 76
46 77
46 78
46 79
46 80
46 81
46 82
46 83
46 124
46 126
46 129
46 130
46 167
46 168
46 169
46 171
46 172
46 173
46 190
46 191
46 192
46 193
46 194
47 10
47 13
47 17
47 24
47 26
47 27
47 28
47 29
47 30
47 41
47 44
47 47
47 48
47 49
47 50
47 51
47 52
47 53
47 54
47 55
47 63
47 68
47 76
47 78
47 81
47 103
47 104
47 105
47 106
47 115
47 116
47 118
47 119
47 124
47 125
47 126
47 128
47 129
47 169
47 172
47 173
47 190
47 194
48 6
48 7
48 10
48 14
48 15
48 16
48 41
48 42
48 43
48 47
48 63
48 65
48 70
48 76
48 78
48 81
48 83
48 103
48 106
48 115
48 119
48 126
48 129
48 168
48 169
48 170
48 171
48 179
48 180
48 182
48 183
48 191
48 193
48 194
49 6
49 25
49 26
49 27
49 28
49 31
49 32
49 33
49 34
49 35
49 36
49 37
49 38
49 41
49 44
49 47
49 64
49 65
49 66
49 67
49 68
49 69
49 76
49 77
49 78
49 79
49 80
49 81
49 82
49 83
49 103
49 104
49 105
49 106
49 115
49 116
49 126
49 129
49 152
49 153
49 154
49 155
49 156
49 157
49 158
49 159
49 160
49 169
49 172
49 183
49 190
49 194
50 6
50 9
50 10
50 28
50 31
50 33
50 36
50 38
50 41
50 42
50 43
50 44
50 47
50 48
50 51
50 54
50 63
50 65
50 69
50 70
50 82
50 96
50 97
50 98
50 103
50 106
50 119
50 126
50 127
50 128
50 129
50 130
50 131
50 152
50 158
50 160
50 169
50 172
50 179
50 180
50 182
50 183
50 190
50 191
50 193
50 194
51 6
51 10
51 13
51 15
51 16
51 17
51 25
51 26
51 27
51 31
51 32
51 33
51 34
51 35
51 37
51 38
51 47
51 50
51 51
51 52
51 63
51 64
51 77
51 78
51 90
51 91
51 92
51 95
51 98
51 103
51 105
51 115
51 116
51 118
51 125
51 126
51 129
51 152
51 160
51 169
51 170
51 171
51 172
51 179
51 183
51 190
52 6
52 7
52 8
52 9
52 10
52 13
52 17
52 25
52 28
52 31
52 33
52 48
52 51
52 54
52 55
52 90
52 92
52 95
52 97
52 98
52 115
52 125
52 127
52 128
52 130
52 131
52 141
52 142
52 143
52 145
52 146
52 147
52 148
52 153
52 159
52 160
52 168
52 172
52 174
52 180
52 182
52 191
52 192
52 194
53 13
53 14
53 16
53 17
53 25
53 26
53 27
53 31
53 33
53 38
53 47
53 55
53 88
53 90
53 92
53 95
53 98
53 115
53 116
53 117
53 143
53 146
53 148
53 152
53 155
53 157
53 160
53 168
53 169
53 171
53 172
53 173
53 174
53 179
53 183
54 13
54 31
54 32
54 33
54 34
54 35
54 36
54 37
54 47
54 49
54 51
54 53
54 55
54 77
54 78
54 79
54 80
54 81
54 88
54 89
54 90
54 92
54 95
54 96
54 97
54 98
54 131
54 134
54 142
54 143
54 144
54 145
54 147
54 148
54 152
54 153
54 159
54 160
54 179
54 180
55 13
55 14
55 16
55 17
55 31
55 33
55 36
55 38
55 47
55 48
55 50
55 51
55 52
55 54
55 55
55 77
55 81
55 105
55 106
55 108
55 110
55 131
55 141
55 143
55 148
55 152
55 160
56 13
56 17
56 31
56 32
56 33
56 34
56 35
56 36
56 37
56 38
56 68
56 69
56 70
56 71
56 72
56 73
56 74
56 77
56 78
56 80
56 81
56 85
56 86
56 87
56 88
56 89
56 105
56 120
56 122
56 123
56 124
56 132
56 133
56 134
56 141
56 146
56 148
56 152
56 154
56 158
56 160
56 164
56 165
56 166
56 168
56 191
56 194
56 195
57 13
57 14
57 15
57 17
57 68
57 70
57 72
57 74
57 77
57 85
57 87
57 89
57 105
57 110
57 119
57 123
57 125
57 131
57 134
57 141
57 142
57 143
57 144
57 145
57 147
57 148
57 152
57 154
57 155
57 156
57 157
57 158
57 159
57 160
57 164
57 191
57 195
57 197
58 5
58 6
58 7
58 8
58 56
58 57
58 58
58 59
58 60
58 61
58 62
58 78
58 80
58 81
58 85
58 87
58 89
58 105
58 107
58 110
58 119
58 125
58 131
58 133
58 143
58 148
58 164
58 169
58 176
58 177
58 178
58 179
58 191
58 197
59 5
59 8
59 56
59 58
59 60
59 62
59 68
59 70
59 72
59 74
59 77
59 81
59 85
59 86
59 87
59 88
59 89
59 104
59 106
59 107
59 108
59 109
59 110
59 121
59 125
59 141
59 142
59 143
59 144
59 145
59 148
59 164
59 169
59 176
59 179
59 191
59 193
59 195
59 197
60 5
60 6
60 7
60 8
60 19
60 21
60 22
60 23
60 56
60 62
60 68
60 69
60 70
60 71
60 72
60 73
60 74
60 78
60 79
60 80
60 81
60 101
60 102
60 103
60 105
60 106
60 107
60 120
60 122
60 123
60 124
60 125
60 157
60 158
60 159
60 160
60 165
60 166
60 167
60 168
60 169
60 170
60 177
60 178
60 179
60 191
60 192
60 193
60 194
60 195
60 196
61 19
61 23
61 58
61 60
61 62
61 101
61 104
61 105
61 106
61 156
61 158
61 160
61 167
61 168
61 171
61 173
61 176
61 179
62 5
62 6
62 7
62 8
62 19
62 21
62 38
62 39
62 40
62 41
62 42
62 43
62 44
62 45
62 46
62 56
62 57
62 58
62 59
62 60
62 62
62 91
62 92
62 93
62 94
62 95
62 97
62 101
62 106
62 130
62 131
62 156
62 158
62 160
62 168
62 169
62 173
62 176
62 177
62 178
62 179
63 19
63 20
63 21
63 22
63 23
63 30
63 32
63 33
63 34
63 38
63 40
63 42
63 72
63 73
63 74
63 75
63 91
63 96
63 97
63 101
63 106
63 128
63 130
63 132
63 156
63 158
63 159
63 160
63 168
64 32
64 34
64 46
64 72
64 75
64 91
64 92
64 93
64 94
64 95
64 96
64 103
64 105
64 106
64 130
64 143
64 144
64 145
64 147
64 148
64 149
65 23
65 24
65 25
65 34
65 38
65 39
65 42
65 45
65 46
65 72
65 73
65 74
65 75
65 93
65 129
65 130
65 131
65 143
65 145
65 149
65 168
65 169
65 170
65 172
65 173
65 186
65 187
65 189
65 190
66 25
66 30
66 31
66 33
66 34
66 38
66 42
66 43
66 46
66 72
66 75
66 96
66 143
66 149
66 186
66 188
66 190
67 11
67 12
67 14
67 16
67 17
67 21
67 23
67 25
67 38
67 39
67 42
67 45
67 46
67 52
67 54
67 55
67 56
67 72
67 73
67 74
67 75
67 93
67 94
67 95
67 96
67 98
67 116
67 117
67 118
67 120
67 124
67 125
67 127
67 128
67 129
67 130
67 143
67 145
67 147
67 149
67 186
67 188
67 190
68 11
68 16
68 21
68 22
68 23
68 24
68 25
68 38
68 46
68 52
68 54
68 56
68 83
68 84
68 85
68 86
68 87
68 88
68 96
68 98
68 102
68 103
68 104
68 105
68 107
68 116
68 118
68 124
68 126
68 128
68 130
68 143
68 145
68 148
68 149
68 155
68 156
68 157
68 186
68 187
68 188
68 189
68 190
69 11
69 12
69 14
69 15
69 16
69 38
69 40
69 46
69 52
69 88
69 92
69 93
69 94
69 95
69 96
69 97
69 102
69 107
69 118
69 120
69 124
69 130
69 157
69 178
69 179
69 181
70 13
70 16
70 39
70 40
70 41
70 42
70 43
70 44
70 46
70 52
70 53
70 54
70 55
70 56
70 69
70 70
70 83
70 88
70 102
70 107
70 117
70 118
70 119
70 120
70 124
70 126
70 130
70 134
70 135
70 136
70 137
70 138
70 139
70 140
70 141
70 154
70 155
70 157
70 177
70 179
70 181
71 4
71 5
71 6
71 7
71 8
71 16
71 64
71 65
71 69
71 71
71 83
71 84
71 85
71 102
71 105
71 107
71 124
71 125
71 126
71 127
71 128
71 129
71 130
71 134
71 136
71 139
71 141
71 154
71 157
71 179
71 181
72 4
72 8
72 13
72 14
72 15
72 16
72 17
72 28
72 64
72 65
72 66
72 67
72 68
72 69
72 70
72 71
72 82
72 83
72 84
72 86
72 87
72 102
72 103
72 104
72 107
72 108
72 134
72 135
72 136
72 137
72 138
72 139
72 140
72 141
72 154
72 155
72 156
72 157
72 168
72 170
72 171
72 177
72 178
72 179
72 180
72 181
73 4
73 7
73 8
73 12
73 13
73 16
73 18
73 27
73 30
73 34
73 36
73 37
73 55
73 56
73 57
73 64
73 66
73 69
73 71
73 79
73 80
73 82
73 83
73 84
73 85
73 105
73 106
73 108
73 109
73 110
73 111
73 134
73 136
73 185
73 186
73 188
73 189
73 190
74 4
74 8
74 12
74 13
74 14
74 17
74 18
74 27
74 28
74 29
74 30
74 34
74 37
74 40
74 41
74 42
74 43
74 44
74 50
74 51
74 55
74 57
74 64
74 66
74 69
74 71
74 79
74 82
74 83
74 84
74 106
74 107
74 108
74 121
74 122
74 123
74 124
74 125
74 134
74 136
74 139
74 141
74 159
74 160
74 162
74 163
74 164
74 165
74 168
74 169
74 170
74 185
74 190
75 4
75 5
75 7
75 8
75 27
75 30
75 35
75 36
75 42
75 44
75 50
75 52
75 54
75 55
75 56
75 64
75 65
75 66
75 69
75 70
75 71
75 79
75 84
75 106
75 111
75 121
75 125
75 134
75 135
75 136
75 137
75 138
75 140
75 141
75 147
75 148
75 149
75 150
75 161
75 163
75 168
75 171
75 185
75 190
76 4
76 8
76 11
76 12
76 13
76 14
76 15
76 17
76 27
76 28
76 29
76 34
76 37
76 40
76 44
76 52
76 55
76 57
76 64
76 66
76 70
76 79
76 84
76 106
76 111
76 121
76 122
76 125
76 134
76 136
76 139
76 141
76 146
76 150
76 159
76 165
76 168
76 169
76 170
76 171
76 174
76 175
76 176
76 177
76 178
76 179
76 180
76 185
76 188
76 189
77 4
77 6
77 7
77 8
77 11
77 13
77 15
77 17
77 34
77 35
77 36
77 37
77 40
77 41
77 42
77 43
77 44
77 50
77 52
77 55
77 57
77 64
77 65
77 66
77 79
77 80
77 81
77 83
77 106
77 107
77 108
77 109
77 110
77 121
77 125
77 134
77 135
77 136
77 137
77 138
77 140
77 146
77 148
77 150
77 161
77 165
77 174
77 179
77 180
77 185
77 189
77 190
77 191
78 11
78 17
78 24
78 25
78 26
78 27
78 50
78 51
78 52
78 53
78 54
78 55
78 56
78 57
78 121
78 122
78 124
78 146
78 148
78 149
78 159
78 160
78 161
78 162
78 163
78 164
78 175
78 177
78 178
78 188
78 189
78 190
78 191
78 192
78 193
78 194
79 11
79 15
79 24
79 26
79 28
79 50
79 52
79 56
79 57
79 93
79 94
79 95
79 96
79 97
79 121
79 125
79 176
79 179
79 189
79 190
79 191
79 194
80 11
80 12
80 13
80 14
80 16
80 17
80 26
80 28
80 50
80 51
80 52
80 74
80 75
80 77
80 78
80 93
80 97
80 114
80 116
80 117
80 118
80 121
80 122
80 124
80 125
80 140
80 143
80 176
80 179
80 189
80 194
81 24
81 27
81 28
81 74
81 76
81 78
81 83
81 84
81 85
81 86
81 87
81 94
81 96
81 97
81 118
81 139
81 141
81 143
81 176
81 177
81 178
81 179
81 180
82 42
82 43
82 44
82 45
82 46
82 74
82 83
82 85
82 87
82 93
82 97
82 139
82 141
82 143
82 152
82 153
82 154
82 155
82 162
82 163
82 164
82 165
82 175
82 176
82 179
82 192
82 193
82 194
83 21
83 22
83 23
83 24
83 25
83 26
83 41
83 46
83 56
83 57
83 58
83 59
83 60
83 74
83 75
83 76
83 77
83 78
83 83
83 85
83 87
83 93
83 96
83 97
83 114
83 118
83 139
83 140
83 142
83 143
83 161
83 166
83 176
83 177
83 178
83 179
83 180
83 181
84 7
84 8
84 9
84 10
84 11
84 21
84 23
84 25
84 27
84 41
84 46
84 49
84 50
84 51
84 52
84 53
84 56
84 60
84 83
84 84
84 85
84 86
84 87
84 93
84 97
84 107
84 108
84 109
84 110
84 114
84 118
84 124
84 125
84 126
84 127
84 128
84 153
84 154
84 155
84 161
85 7
85 12
85 27
85 43
85 46
85 49
85 53
85 56
85 57
85 59
85 60
85 93
85 94
85 95
85 96
85 107
85 110
85 114
85 118
85 122
85 124
85 127
85 128
85 155
85 161
85 164
85 165
85 166
86 21
86 23
86 25
86 40
86 41
86 42
86 44
86 45
86 46
86 49
86 52
86 53
86 56
86 60
86 69
86 70
86 73
86 74
86 75
86 76
86 81
86 82
86 83
86 84
86 107
86 109
86 114
86 115
86 118
86 122
86 123
86 124
86 125
86 126
86 127
86 152
86 153
86 154
86 155
86 161
86 162
86 164
86 165
86 167
86 191
86 192
86 193
86 194
87 7
87 10
87 21
87 22
87 24
87 26
87 27
87 30
87 31
87 32
87 37
87 38
87 39
87 40
87 42
87 43
87 49
87 53
87 56
87 57
87 59
87 60
87 71
87 74
87 76
87 107
87 124
87 127
87 165
87 166
87 167
87 168
87 170
87 191
87 194
88 7
88 8
88 9
88 10
88 11
88 13
88 33
88 37
88 41
88 49
88 50
88 52
88 53
88 56
88 60
88 71
88 72
88 73
88 76
88 81
88 82
88 83
88 84
88 98
88 99
88 100
88 102
88 103
88 107
88 108
88 109
88 127
88 147
88 148
88 149
88 150
88 151
88 152
88 165
88 166
88 167
88 186
88 187
88 188
88 191
88 193
88 194
89 10
89 11
89 12
89 13
89 14
89 15
89 16
89 32
89 37
89 49
89 56
89 57
89 58
89 59
89 69
89 71
89 74
89 76
89 81
89 84
89 91
89 92
89 93
89 94
89 102
89 104
89 114
89 116
89 117
89 124
89 125
89 126
89 127
89 128
89 129
89 136
89 137
89 138
89 139
89 140
89 141
89 147
89 149
89 154
89 165
89 170
89 185
89 188
89 191
89 194
90 12
90 13
90 16
90 37
90 51
90 52
90 53
90 71
90 76
90 81
90 82
90 83
90 94
90 98
90 114
90 118
90 123
90 127
90 129
90 141
90 142
90 148
90 149
90 150
90 151
90 152
90 153
90 154
90 165
90 170
90 180
90 181
90 182
90 186
90 187
90 188
90 191
90 192
90 193
90 194
91 1
91 3
91 4
91 11
91 16
91 30
91 31
91 32
91 33
91 37
91 38
91 39
91 41
91 70
91 71
91 72
91 73
91 74
91 76
91 92
91 93
91 94
91 98
91 100
91 102
91 104
91 114
91 115
91 117
91 118
91 123
91 124
91 125
91 126
91 127
91 128
91 129
91 136
91 138
91 139
91 140
91 141
91 147
91 152
91 154
91 165
91 166
91 167
91 168
91 170
91 175
91 176
91 180
91 182
91 185
91 188
92 1
92 11
92 16
92 71
92 76
92 91
92 94
92 98
92 100
92 101
92 102
92 103
92 104
92 114
92 118
92 138
92 141
92 147
92 149
92 152
92 154
92 175
92 176
92 178
92 179
92 180
92 181
92 182
92 187
92 188
93 1
93 2
93 3
93 4
93 11
93 13
93 14
93 16
93 61
93 63
93 64
93 69
93 70
93 71
93 72
93 73
93 74
93 84
93 85
93 86
93 87
93 92
93 94
93 114
93 117
93 138
93 141
93 147
93 148
93 149
93 151
93 153
93 154
93 159
93 160
93 161
93 162
93 163
93 175
93 177
93 182
93 193
93 194
93 196
94 4
94 27
94 28
94 29
94 30
94 31
94 32
94 43
94 44
94 61
94 64
94 84
94 88
94 138
94 139
94 142
94 147
94 149
94 154
94 159
94 161
94 163
94 175
94 177
94 180
94 182
95 1
95 3
95 4
95 27
95 31
95 33
95 41
95 44
95 61
95 62
95 63
95 64
95 84
95 85
95 87
95 114
95 115
95 117
95 118
95 137
95 138
95 141
95 143
95 147
95 148
95 150
95 151
95 152
95 153
95 154
95 159
95 161
95 163
95 175
95 176
95 177
95 178
95 181
95 194
95 196
96 27
96 33
96 41
96 42
96 44
96 64
96 74
96 76
96 84
96 137
96 138
96 139
96 140
96 143
96 159
96 161
96 162
96 163
96 177
96 181
96 193
96 196
97 27
97 29
97 31
97 41
97 62
97 74
97 87
97 88
97 95
97 96
97 97
97 102
97 103
97 104
97 105
97 124
97 125
97 126
97 127
97 128
97 175
97 176
97 193
97 194
97 195
97 196
98 5
98 6
98 7
98 8
98 9
98 27
98 28
98 29
98 30
98 32
98 33
98 41
98 43
98 44
98 74
98 75
98 77
98 78
98 84
98 88
98 97
98 99
98 102
98 105
98 109
98 110
98 111
98 112
98 113
98 124
98 128
98 132
98 133
98 134
98 135
98 137
98 138
98 139
99 9
99 74
99 78
99 84
99 85
99 87
99 88
99 95
99 99
99 102
99 103
X
X
X
X
X
X
X
X
X
X
X
X
X
X
X
X
X
X
X
X
X
X
X
X
X
X
X
X
X
X
X
X
X
X
X
X
X
X
X
X
X
X
X
X
X
X
X
X
X
X
X
X
X
X
X
X
X
X
X
X
X
X
X
X
X
X
X
X
X
X
X
X
X
X
X
X
X
X
X
X
X
X
X
X
X
X
X
X
X
X
X
X
X
X
X
X
X
X
X
X
X
X
X
X
X
X
X
X
X
X
X
X
X
X
X
X
X
X
X
X
X
X
X
X
X
X
X
X
X
X
X
X
X
X
X
X
X
X
X
X
X
X
X
X
X
X
X
X
X
X
X
X
X
X
X
X
X
X
X
X
X
X
X
X
X
X
X
X
X
X
X
X
X
X
X
X
X
X
X
X
X
X
X
X
X
X
X
X
X
X
X
X
X
X
X
X
X
X
X
X
X
X
X
X
X
X
X
X
X
X
X
X
X
X
X
X
X
X
X
X
X
X
X
X
X
X
X
X
X
X
X
X
X
X
X
X
X
X
X
X
X
X
X
X
X
X
X
X
X
X
X
X
X
X
X
X
X
X
X
X
X
X
X
X
X
X
X
X
X
X
X
X
X
X
X
X
X
X
X
X
X
X
X
X
X
X
X
X
X
X
X
X
X
X
X
X
X
X
X
X
X
X
X
X
X
X
X
X
X
X
X
X
X
X
X
X
X
X
X
X
X
X
X
X
X
X
X
X
X
X
X
X
X
X
X
X
X
X
X
X
X
X
X
X
X
X
X
X
X
X
X
X
X
X
X
X
X
X
X
X
X
X
X
X
X
X
X
X
X
X
X
X
X
X
X
X
X
X
X
X
X
X
X
X
X
X
X
X
X
X
X
X
X
X
X
X
X
X
X
X
X
X
X
X
X
X
X
X
X
X
X
X
X
X
X
X
X
X
X
X
X
X
X
X
X
X
X
X
X
X
X
X
X
X
X
X
X
X
X
X
X
X
X
X
X
X
X
X
X
X
X
X
X
X
X
X
X
X
X
X
X
X
X
X
X
X
X
X
X
X
X
X
X
X
X
X
X
X
X
X
X
X
X
X
X
X
X
X
X
X
X
X
X
X
X
X
X
X
X
X
X
X
X
X
X
X
X
X
X
X
X
X
X
X
X
X
X
X
X
X
X
X
X
X
X
X
X
X
X
X
X
X
X
X
X
X
X
X
X
X
X
X
X
X
X
X
X
X
X
X
X
X
X
X
X
X
X
X
X
X
X
X
X
X
X
X
X
X
X
X
X
X
X
X
X
X
X
X
X
X
X
X
X
X
X
X
X
X
X
X
X
X
X
X
X
X
X
X
X
X
X
X
X
X
X
X
X
X
X
X
X
X
X
X
X
X
X
X
X
X
X
X
X
X
X
X
X
X
X
X
X
X
X
X
X
X
X
X
X
X
X
X
X
X
X
X
X
X
X
X
X
X
X
X
X
X
X
X
X
X
X
X
X
X
X
X
X
X
X
X
X
X
X
X
X
X
X
X
X
X
X
X
X
X
X
X
X
X
X
X
X
X
X
X
X
X
X
X
X
X
X
X
X
X
X
X
X
X
X
X
X
X
X
X
X
X
X
X
X
X
X
X
X
X
X
X
X
X
X
X
X
X
X
X
X
X
X
X
X
X
X
X
X
X
X
X
X
X
X
X
X
X
X
X
X
X
X
X
X
X
X
X
X
X
X
X
X
X
X
X
X
X
X
X
X
X
X
X
X
X
X
X
X
X
X
X
X
X
X
X
X
X
X
X
X
X
X
X
X
X
X
X
X
X
X
X
X
X
X
X
X
X
X
X
X
X
X
X
X
X
X
X
X
X
X
X
X
X
X
X
X
X
X
X
X
X
X
X
X
X
X
X
X
X
X
X
X
X
X
X
X
X
X
X
X
X
X
X
X
X
X
X
X
X
X
X
X
X
X
X
X
X
X
X
X
X
X
X
X
X
X
X
X
X
X
X
X
X
X
X
X
X
X
X
X
X
X
X
X
X
X
X
X
X
X
X
X
X
X
X
X
X
X
X
X
X
X
X
X
X
X
X
X
X
X
X
X
X
X
X
X
X
X
X
X
X
X
X
X
X
X
X
X
X
X
X
X
X
X
X
X
X
X
X
X
X
X
X
X
X
X
X
X
X
X
X
X
X
X
X
X
X
X
X
X
X
X
X
X
X
X
X
X
X
X
X
X
X
X
X
X
X
X
X
X
X
X
X
X
X
X
X
X
X
X
X
X
X
X
X
X
X
X
X
X
X
X
X
X
X
X
X
X
X
X
X
X
X
X
X
X
X
X
X
X
X
X
X
X
X
X
X
X
X
X
X
X
X
X
X
X
X
X
X
X
X
X
X
X
X
X
X
X
X
X
X
X
X
X
X
X
X
X
X
X
X
X
X
X
X
X
X
X
X
X
X
X
X
X
X
X
X
X
X
X
X
X
X
X
X
X
X
X
X
X
X
X
X
X
X
X
X
X
X
X
X
X
X
X
X
X
X
X
X
X
X
X
X
X
X
X
X
X
X
X
X
X
X
X
X
X
X
X
X
X
X
X
X
X
X
X
X
X
X
X
X
X
X
X
X
X
X
X
X
X
X
X
X
X
X
X
X
X
X
X
X
X
X
X
X
X
X
X
X
X
X
X
X
X
X
X
X
X
X
X
X
X
X
X
X
X
X
X
X
X
X
X
X
X
X
X
X
X
X
X
X
X
X
X
X
X
X
X
X
X
X
X
X
X
X
X
X
X
X
X
X
X
X
X
X
X
X
X
X
X
X
X
X
X
X
X
X
X
X
X
X
X
X
X
X
X
X
X
X
X
X
X
X
X
X
X
X
X
X
X
X
X
X
X
X
X
X
X
X
X
X
X
X
X
X
X
X
X
X
X
X
X
X
X
X
X
X
X
X
X
X
X
X
X
X
X
X
X
X
X
X
X
X
X
X
X
X
X
X
X
X
X
X
X
X
X
X
X
X
X
X
X
X
X
X
X
X
X
X
X
X
X
X
X
X
X
X
X
X
X
X
X
X
X
X
X
X
X
X
X
X
X
X
X
X
X
X
X
X
X
X
X
X
X
X
X
X
X
X
X
X
X
X
X
X
X
X
X
X
X
X
X
X
X
X
X
X
X
X
X
X
X
X
X
X
X
X
X
X
X
X
X
X
X
X
X
X
X
X
X
X
X
X
X
X
X
X
X
X
X
X
X
X
X
X
X
X
X
X
X
X
X
X
X
X
X
X
X
X
X
X
X
X
X
X
X
X
X
X
X
X
X
X
X
X
X
X
X
X
X
X
X
X
X
X
X
X
X
X
X
X
X
X
X
X
X
X
X
X
X
X
X
X
X
X
X
X
X
X
X
X
X
X
X
X
X
X
X
X
X
X
X
X
X
X
X
X
X
X
X
X
X
X
X
X
X
X
X
X
X
X
X
X
X
X
X
X
X
X
X
X
X
X
X
X
X
X
X
X
X
X
X
X
X
X
X
X
X
X
X
X
X
X
X
X
X
X
X
X
X
X
X
X
X
X
X
X
X
X
X
X
X
X
X
X
X
X
X
X
X
X
X
X
X
X
X
X
X
X
X
X
X
X
X
X
X
X
X
X
X
X
X
X
X
X
X
X
X
X
X
X
X
X
X
X
X
X
X
X
X
X
X
X
X
X
X
X
X
X
X
X
X
X
X
X
X
X
X
X
X
X
X
X
X
X
X
X
X
X
X
X
X
X
X
X
X
X
X
X
X
X
X
X
X
X
X
X
X
X
X
X
X
X
X
X
X
X
X
X
X
X
X
X
X
X
X
X
X
X
X
X
X
X
X
X
X
X
X
X
X
X
X
X
X
X
X
X
X
X
X
X
X
X
X
X
X
X
X
X
X
X
X
X
X
X
X
X
X
X
X
X
X
X
X
X
X
X
X
X
X
X
X
X
X
X
X
X
X
X
X
X
X
X
X
X
X
X
X
X
X
X
X
X
X
X
X
X
X
X
X
X
X
X
X
X
X
X
X
X
X
X
X
X
X
X
X
X
X
X
X
X
X
X
X
X
X
X
X
X
X
X
X
X
X
X
X
X
X
X
X
X
X
X
X
X
X
X
X
X
X
X
X
X
X
X
X
X
X
X
X
X
X
X
X
X
X
X
X
X
X
X
X
X
X
X
X
X
X
X
X
X
X
X
X
X
X
X
X
X
X
X
X
X
X
X
X
X
X
X
X
X
X
X
X
X
X
X
X
X
X
X
X
X
X
X
X
X
X
X
X
X
X
X
X
X
X
X
X
X
X
X
X
X
X
X
X
X
X
X
X
X
X
X
X
X
X
X
X
X
X
X
X
X
X
X
X
X
X
X
X
X
X
X
X
X
X
X
X
X
X
X
X
X
X
X
X
X
X
X
X
X
X
X
X
X
X
X
X
X
X
X
X
X
X
X
X
X
X
X
X
X
X
X
X
X
X
X
X
X
X
X
X
X
X
X
X
X
X
X
X
X
X
X
X
X
X
X
X
X
X
X
X
X
X
X
X
X
X
X
X
X
X
X
X
X
X
X
X
X
X
X
X
X
X
X
X
X
X
X
X
X
X
X
X
X
X
X
X
X
X
X
X
X
X
X
X
X
X
X
X
X
X
X
X
X
X
X
X
X
X
X
X
X
X
X
X
X
X
X
X
X
X
X
X
X
X
X
X
X
X
X
X
X
X
X
X
X
X
X
X
X
X
X
X
X
X
X
X
X
X
X
X
X
X
X
X
X
X
X
X
X
X
X
X
X
X
X
X
X
X
X
X
X
X
X
X
X
X
X
X
X
X
X
X
X
X
X
X
X
X
X
X
X
X
X
X
X
X
X
X
X
X
X
X
X
X
X
X
X
X
X
X
X
X
X
X
X
X
X
X
X
X
X
X
X
X
X
X
X
X
X
X
X
X
X
X
X
X
X
X
X
X
X
X
X
X
X
X
X
X
X
X
X
X
X
X
X
X
X
X
X
X
X
X
X
X
X
X
X
X
X
X
X
X
X
X
X
X
X
X
X
X
X
X
X
X
X
X
X
X
X
X
X
X
X
X
X
X
X
X
X
X
X
X
X
X
X
X
X
X
X
X
X
X
X
X
X
X
X
X
X
X
X
X
X
X
X
X
X
X
X
X
X
X
X
X
X
X
X
X
X
X
X
X
X
X
X
X
X
X
X
X
X
X
X
X
X
X
X
X
X
X
X
X
X
X
X
X
X
X
X
X
X
X
X
X
X
X
X
X
X
X
X
X
X
X
X
X
X
X
X
X
X
X
X
X
X
X
X
X
X
X
X
X
X
X
X
X
X
X
X
X
X
X
X
X
X
X
X
X
X
X
X
X
X
X
X
X
X
X
X
X
X
X
X
X
X
X
X
X
X
X
X
X
X
X
X
X
X
X
X
X
X
X
X
X
X
X
X
X
X
X
X
X
X
X
X
X
X
X
X
X
X
X
X
X
X
X
X
X
X
X
X
X
X
X
X
X
X
X
X
X
X
X
X
X
X
X
X
X
X
X
X
X
X
X
X
X
X
X
X
X
X
X
X
X
X
X
X
X
X
X
X
X
X
X
X
X
X
X
X
X
X
X
X
X
X
X
X
X
X
X
X
X
X
X
X
X
X
X
X
X
X
X
X
X
X
X
X
X
X
X
X
X
X
X
X
X
X
X
X
X
X
X
X
X
X
X
X
X
X
X
X
X
X
X
X
X
X
X
X
X
X
X
X
X
X
X
X
X
X
X
X
X
X
X
X
X
X
X
X
X
X
X
X
X
X
X
X
X
X
X
X
X
X
X
X
X
X
X
X
X
X
X
X
X
X
X
X
X
X
X
X
X
X
X
X
X
X
X
X
X
X
X
X
X
X
X
X
X
X
X
X
X
X
X
X
X
X
X
X
X
X
X
X
X
X
X
X
X
X
X
X
X
X
X
X
X
X
X
X
X
X
X
X
X
X
X
X
X
X
X
X
X
X
X
X
X
X
X
X
X
X
X
X
X
X
X
X
X
X
X
X
X
X
X
X
X
X
X
X
X
X
X
X
X
X
X
X
X
X
X
X
X
X
X
X
X
X
X
X
X
X
X
X
X
X
X
X
X
X
X
X
X
X
X
X
X
X
X
X
X
X
X
X
X
X
X
X
X
X
X
X
X
X
X
X
X
X
X
X
X
X
X
X
X
X
X
X
X
X
X
X
X
X
X
X
X
X
X
X
X
X
X
X
X
X
X
X
X
X
X
X
X
X
X
X
X
X
X
X
X
X
X
X
X
X
X
X
X
X
X
X
X
X
X
X
X
X
X
X
X
X
X
X
X
X
X
X
X
X
X
X
X
X
X
X
X
X
X
X
X
X
X
X
X
X
X
X
X
X
X
X
X
X
X
X
X
X
X
X
X
X
X
X
X
X
X
X
X
X
X
X
X
X
X
X
X
X
X
X
X
X
X
X
X
X
X
X
X
X
X
X
X
X
X
X
X
X
X
X
X
X
X
X
X
X
X
X
X
X
X
X
X
X
X
X
X
X
X
X
X
X
X
X
X
X
X
X
X
X
X
X
X
X
X
X
X
X
X
X
X
X
X
X
X
X
X
X
X
X
X
X
X
X
X
X
X
X
X
X
X
X
X
X
X
X
X
X
X
X
X
X
X
X
X
X
X
X
X
X
X
X
X
X
X
X
X
X
X
X
X
X
X
X
X
X
X
X
X
X
X
X
X
X
X
X
X
X
X
X
X
X
X
X
X
X
X
X
X
X
X
X
X
X
X
X
X
X
X
X
X
X
X
X
X
X
X
X
X
X
X
X
X
X
X
X
X
X
X
X
X
X
X
X
X
X
X
X
X
X
X
X
X
X
X
X
X
X
X
X
X
X
X
X
X
X
X
X
X
X
X
X
X
X
X
X
X
X
X
X
X
X
X
X
X
X
X
X
X
X
X
X
X
X
X
X
X
X
X
X
X
X
X
X
X
X
X
X
X
X
X
X
X
X
X
X
X
X
X
X
X
X
X
X
X
X
X
X
X
X
X
X
X
X
X
X
X
X
X
X
X
X
X
X
X
X
X
X
X
X
X
X
X
X
X
X
X
X
X
X
X
X
X
X
X
X
X
X
X
X
X
X
X
X
X
X
X
X
X
X
X
X
X
X
X
X
X
X
X
X
X
X
X
X
X
X
X
X
X
X
X
X
X
X
X
X
X
X
X
X
X
X
X
X
X
X
X
X
X
X
X
X
X
X
X
X
X
X
X
X
X
X
X
X
X
X
X
X
X
X
X
X
X
X
X
X
X
X
X
X
X
X
X
X
X
X
X
X
X
X
X
X
X
X
X
X
X
X
X
X
X
X
X
X
X
X
X
X
X
X
X
X
X
X
X
X
X
X
X
X
X
X
X
X
X
X
X
X
X
X
X
X
X
X
X
X
X
X
X
X
X
X
X
X
X
X
X
X
X
X
X
X
X
X
X
X
X
X
X
X
X
X
X
X
X
X
X
X
X
X
X
X
X
X
X
X
X
X
X
X
X
X
X
X
X
X
X
X
X
X
X
X
X
X
X
X
X
X
X
X
X
X
X
X
X
X
X
X
X
X
X
X
X
X
X
X
X
X
X
X
X
X
X
X
X
X
X
X
X
X
X
X
X
X
X
X
X
X
X
X
X
X
X
X
X
X
X
X
X
X
X
X
X
X
X
X
X
X
X
X
X
X
X
X
X
X
X
X
X
X
X
X
X
X
X
X
X
X
X
X
X
X
X
X
X
X
X
X
X
X
X
X
X
X
X
X
X
X
X
X
X
X
X
X
X
X
X
X
X
X
X
X
X
X
X
X
X
X
X
X
X
X
X
X
X
X
X
X
X
X
X
X
X
X
X
X
X
X
X
X
X
X
X
X
X
X
X
X
X
X
X
X
X
X
X
X
X
X
X
X
X
X
X
X
X
X
X
X
X
X
X
X
X
X
X
X
X
X
X
X
X
X
X
X
X
X
X
X
X
X
X
X
X
X
X
X
X
X
X
X
X
X
X
X
X
X
X
X
X
X
X
X
X
X
X
X
X
X
X
X
X
X
X
X
X
X
X
X
X
X
X
X
X
X
X
X
X
X
X
X
X
X
X
X
X
X
X
X
X
X
X
X
X
X
X
X
X
X
X
X
X
X
X
X
X
X
X
X
X
X
X
X
X
X
X
X
X
X
X
X
X
X
X
X
X
X
X
X
X
X
X
X
X
X
X
X
X
X
X
X
X
X
X
X
X
X
X
X
X
X
X
X
X
X
X
X
X
X
X
X
X
X
X
X
X
X
X
X
X
X
X
X
X
X
X
X
X
X
X
X
X
X
X
X
X
X
X
X
X
X
X
X
X
X
X
X
X
X
X
X
X
X
X
X
X
X
X
X
X
X
X
X
X
X
X
X
X
X
X
X
X
X
X
X
X
X
X
X
X
X
X
X
X
X
X
X
X
X
X
X
X
X
X
X
X
X
X
X
X
X
X
X
X
X
X
X
X
X
X
X
X
X
X
X
X
X
X
X
X
X
X
X
X
X
X
X
X
X
X
X
X
X
X
X
X
X
X
X
X
X
X
X
X
X
X
X
X
X
X
X
X
X
X
X
X
X
X
X
X
X
X
X
X
X
X
X
X
X
X
X
X
X
X
X
X
X
X
X
X
X
X
X
X
X
X
X
X
X
X
X
X
X
X
X
X
X
X
X
X
X
X
X
X
X
X
X
X
X
X
X
X
X
X
X
X
X
X
X
X
X
X
X
X
X
X
X
X
X
X
X
X
X
X
X
X
X
X
X
X
X
X
X
X
X
X
X
X
X
X
X
X
X
X
X
X
X
X
X
X
X
X
X
X
X
X
X
X
X
X
X
X
X
X
X
53 28
X
40 90
48 51
X
95 88
59 168
40 68
X
95 29
20 19
28 32
X
8 101
97 63
40 53
48 49
6 116
56 196
77 82
X
X
19 187
40 12
48 44
101 156
X
90 136
24 105
X
19 110
31 127
12 11
11 64
X
52 126
65 32
39 184
X
8 100
X
8 66
24 101
86 71
101 132
70 71
X
X
X
X
6 100
64 101
6 98
X
X
X
56 193
70 45
11 62
X
X
2 43
72 105
X
90 124
X
77 5
X
90 104
77 176
X
X
X
95 2
X
81 181
X
101 109
48 17
X
24 24
31 125
17 40
X
6 76
X
19 86
52 119
101 103
X
70 38
24 22
14 79
11 8
69 180
24 17
6 74
69 177
X
2 42
33 35
6 64
52 193
X
94 196
86 50
X
X
X
10 189
94 193
69 154
X
90 91
X
X
28 23
65 30
X
28 5
56 192
X
X
39 181
101 102
15 51
X
59 167
72 88
56 169
48 13
X
X
86 43
91 91
13 108
X
8 61
31 96
52 96
X
X
48 9
52 88
101 78
52 47
100 190
X
97 61
59 147
97 44
X
X
100 187
X
31 67
X
X
X
81 114
76 190
31 34
15 41
X
90 84
X
81 93
X
100 168
52 38
35 184
52 36
69 116
100 166
59 146
90 74
56 167
31 31
6 61
27 180
X
56 156
27 122
100 137
69 98
X
97 33
94 152
72 85
47 167
X
X
27 99
X
86 27
33 33
94 143
X
76 148
47 127
39 154
59 123
19 40
81 26
6 60
31 30
81 25
76 124
30 184
X
8 59
59 119
69 83
10 175
39 147
10 162
X
86 12
17 25
17 19
52 190
14 55
X
47 117
30 177
90 69
X
90 50
56 143
X
69 56
13 101
27 75
72 30
X
56 131
72 29
X
35 181
X
100 136
13 97
1 158
94 141
X
65 22
6 46
8 41
51 194
39 144
86 7
94 140
6 17
33 32
80 142
100 133
10 161
30 126
X
X
X
X
64 38
47 83
80 141
X
51 174
80 139
76 71
19 36
X
14 50
85 152
X
X
X
94 118
X
47 70
39 111
76 50
39 109
64 30
59 105
18 189
27 39
56 125
6 12
X
51 173
47 65
51 131
85 97
65 21
35 108
27 33
91 75
94 114
52 183
X
63 173
94 42
34 104
56 121
X
X
90 49
47 25
X
X
90 42
100 105
100 75
X
47 6
24 5
76 42
58 146
90 33
56 119
X
51 119
X
32 142
90 30
58 141
94 41
90 11
8 33
89 152
X
89 142
85 42
X
X
34 80
69 54
34 79
12 191
96 182
46 170
77 163
76 30
X
X
16 177
X
18 162
89 118
X
39 78
94 33
100 52
72 27
5 194
56 110
X
51 106
10 137
5 191
89 115
32 89
76 16
91 69
69 44
12 175
100 22
8 30
63 157
34 78
63 93
58 134
14 13
58 132
89 100
55 146
63 46
24 4
89 98
X
X
72 18
85 41
46 66
30 124
85 21
32 86
89 60
5 179
84 166
23 147
X
84 152
X
39 66
16 142
X
94 1
X
X
23 145
5 167
18 150
51 104
75 165
X
X
39 11
X
38 188
X
X
89 53
X
X
52 179
X
51 89
X
75 159
X
89 42
X
23 138
46 64
5 102
46 63
75 146
38 178
75 139
93 195
38 170
38 151
93 180
75 68
X
93 152
10 87
10 46
X
75 67
26 184
X
23 57
8 29
18 147
30 122
34 66
26 182
100 20
1 156
38 110
84 123
38 80
X
22 190
96 175
38 76
X
100 19
52 169
26 178
93 150
X
93 118
X
X
52 156
51 88
89 33
80 123
5 74
89 31
51 76
X
96 160
51 65
32 78
38 66
100 6
X
51 55
X
32 62
22 95
15 6
12 174
X
22 92
X
93 115
75 57
X
30 88
X
63 44
X
X
X
21 172
X
63 31
75 53
X
84 122
84 117
69 42
55 134
58 106
18 137
46 42
21 169
26 169
34 65
X
5 71
X
26 130
X
30 86
51 36
X
14 11
71 177
89 30
80 115
X
62 170
62 132
21 149
X
96 142
14 9
X
X
X
X
51 28
X
37 192
96 141
46 30
69 13
93 93
26 126
1 128
46 17
75 51
10 45
64 173
X
37 189
X
18 134
84 115
32 33
5 9
93 91
62 129
X
X
X
X
21 147
93 88
58 77
X
52 152
10 43
X
4 180
21 145
62 128
30 76
X
68 154
88 192
88 185
34 62
26 33
X
88 170
4 90
X
12 127
X
34 57
68 147
14 191
16 110
96 88
X
26 24
84 12
51 14
25 184
X
X
50 156
96 78
9 188
88 154
37 188
X
18 97
99 97
88 153
50 154
25 115
75 40
16 106
X
X
88 124
X
16 64
46 14
99 86
X
X
X
X
X
83 175
91 42
7 149
55 109
55 107
75 37
55 53
62 96
9 162
X
34 20
4 80
7 113
31 196
68 146
37 155
62 61
55 49
X
X
7 76
X
45 125
9 149
58 74
33 174
91 40
X
54 183
99 5
X
X
X
77 159
77 141
98 136
21 138
33 169
4 56
X
X
75 34
68 144
30 30
X
54 182
68 120
83 155
68 106
50 115
X
98 126
54 181
88 110
68 93
80 76
X
50 95
9 136
X
X
37 127
74 171
50 83
14 8
X
103 55
74 161
80 24
3 191
X
X
X
9 125
80 15
X
54 156
96 77
X
13 162
31 184
88 104
X
29 196
74 111
7 71
50 78
74 16
54 146
3 178
88 101
50 76
29 195
18 96
88 75
50 55
3 164
54 141
71 106
52 144
X
50 25
37 121
31 177
3 156
62 23
29 194
37 117
29 184
X
83 152
50 7
45 30
X
9 90
29 177
49 179
X
45 17
25 113
77 139
93 76
49 119
68 92
44 83
9 49
58 68
64 168
X
68 17
33 94
X
X
68 13
25 101
93 75
9 43
96 75
16 42
X
X
61 172
X
X
3 76
12 120
18 84
83 141
74 15
16 27
61 170
73 187
88 74
83 94
88 70
67 126
29 159
3 73
83 27
67 119
X
3 72
13 157
X
29 76
61 169
3 61
82 191
103 22
61 56
79 17
57 193
54 133
X
96 61
102 189
9 41
18 65
29 49
49 118
16 25
31 171
91 2
52 129
102 167
29 10
93 62
X
37 112
3 45
3 41
X
49 70
X
96 43
73 171
37 80
X
21 87
28 182
21 22
44 69
44 55
3 9
98 95
X
X
64 146
71 88
2 178
28 129
7 61
16 24
44 40
93 15
21 21
9 18
X
X
X
43 153
77 111
37 14
67 97
57 169
X
X
43 138
X
102 159
X
33 79
82 190
88 69
X
X
28 123
43 117
93 12
X
43 93
88 42
43 55
16 6
1 127
49 63
12 98
98 42
X
88 40
54 132
X
36 192
90 185
28 118
X
36 184
X
X
36 182
X
57 153
14 162
92 186
25 94
43 40
61 21
7 54
X
X
18 42
102 146
88 30
X
64 132
18 32
54 91
17 109
25 92
61 8
82 189
43 2
9 13
6 174
9 12
88 12
87 169
67 53
42 160
17 100
25 21
95 195
X
2 167
2 76
X
57 146
82 181
36 178
61 5
6 171
95 193
8 192
60 197
2 74
25 17
82 166
54 38
X
57 121
X
25 4
X
17 98
73 168
12 95
X
15 159
42 151
12 78
36 161
X
X
X
87 164
49 55
98 31
82 161
97 177
82 118
97 99
17 97
14 138
X
77 84
28 117
X
X
49 10
82 117
17 87
102 134
67 15
102 132
X
48 190
12 61
X
57 81
79 13
17 85
X
102 90
X
2 70
54 17
17 65
33 62
60 176
90 147
67 13
42 141
102 77
60 164
66 93
87 110
97 98
X
102 74
87 84
21 19
42 132
X
X
42 92
53 170
X
87 81
87 69
21 6
78 179
87 41
60 156
8 190
66 41
36 144
X
X
X
71 13
87 33
87 25
42 17
24 138
97 85
28 115
13 125
57 16
2 61
82 115
87 23
42 13
102 55
42 1
X
24 137
73 141
21 5
X
21 1
X
87 12
41 189
X
78 176
15 155
90 138
X
X
X
2 59
15 136
20 179
48 181
15 80
66 32
102 22
97 84
41 169
X
97 78
14 127
102 16
28 113
78 174
66 23
102 15
48 172
X
X
66 21
41 155
24 124
95 182
41 154
36 111
8 172
20 162
78 165
24 122
X
X
82 114
X
95 180
X
73 139
65 188
28 105
36 77
65 171
20 69
48 167
15 67
73 107
X
102 5
82 78
17 53
X
92 185
73 81
53 156
X
36 76
X
8 162
95 179
8 147
65 147
53 141
70 156
6 147
60 121
101 186
36 67
92 177
70 128
101 183
101 180
92 99
60 119
X
28 104
24 116
92 74
8 125
36 43
1 88
28 88
87 11
41 134
86 166
65 132
73 35
X
60 104
97 64
92 69
14 99
60 77
X
73 5
31 169
92 4
8 114
1 82
X
86 163
X
15 65
X
72 169
78 150
64 128
X
X
78 147
78 125
X
64 104
86 117
28 53
101 179
1 80
31 145
X
41 49
48 68
20 65
X
91 169
101 177
91 149
86 116
X
101 176
41 38
X
78 28
20 57
53 119
91 137
X
41 1
X
X
X
82 76
77 188
X
60 20
53 118
28 41
X
86 110
2 44
36 14
77 187
82 41
X
81 194
35 191
65 128
72 106
X
86 108
40 170
X
40 161
95 149
40 158
77 186
53 36
28 33
40 155
17 51
20 55
56 197
48 55
20 53
95 116
65 96
81 189
86 72
64 102
X
X
40 144
X
40 134
X
40 132
X
X
14 97
X
20 33
X
20 32
X
101 175
70 116
40 93
X
X
48 53
X
